 (000.000000)  can0  421   [2]  00 00
 (000.070775)  can0  421   [2]  00 00
 (000.141558)  can0  421   [2]  00 00
 (000.212354)  can0  421   [2]  00 00
 (000.283142)  can0  421   [2]  00 00
 (000.353943)  can0  421   [2]  00 00
 (000.424718)  can0  421   [2]  00 00
 (000.495502)  can0  421   [2]  00 00
 (000.566284)  can0  421   [2]  00 00
 (000.637068)  can0  421   [2]  00 00
 (000.707861)  can0  421   [2]  00 00
 (000.778635)  can0  421   [2]  00 00
 (000.795266)  can0  422   [1]  00
 (000.849431)  can0  421   [2]  00 00
 (000.920234)  can0  421   [2]  00 00
 (000.991023)  can0  421   [2]  00 00
 (001.061798)  can0  421   [2]  00 00
 (001.132587)  can0  421   [2]  00 00
 (001.203375)  can0  421   [2]  00 00
 (001.274161)  can0  421   [2]  00 00
 (001.344965)  can0  421   [2]  00 00
 (001.415746)  can0  421   [2]  00 00
 (001.486540)  can0  421   [2]  00 00
 (001.557341)  can0  421   [2]  00 00
 (001.628129)  can0  421   [2]  00 00
 (001.698907)  can0  421   [2]  00 00
 (001.769691)  can0  421   [2]  00 00
 (001.795259)  can0  422   [1]  00
 (001.840472)  can0  421   [2]  00 00
 (001.911239)  can0  421   [2]  00 00
 (001.982027)  can0  421   [2]  00 00
 (002.052814)  can0  421   [2]  00 00
 (002.123597)  can0  421   [2]  00 00
 (002.194395)  can0  421   [2]  00 00
 (002.265178)  can0  421   [2]  00 00
 (002.335968)  can0  421   [2]  00 00
 (002.406756)  can0  421   [2]  00 00
 (002.477542)  can0  421   [2]  00 00
 (002.548319)  can0  421   [2]  00 00
 (002.619102)  can0  421   [2]  00 00
 (002.689885)  can0  421   [2]  00 00
 (002.760672)  can0  421   [2]  00 00
 (002.795293)  can0  422   [1]  00
 (002.831584)  can0  421   [2]  00 00
 (002.902320)  can0  421   [2]  00 00
 (002.973013)  can0  421   [2]  00 00
 (003.043794)  can0  421   [2]  00 00
 (003.114575)  can0  421   [2]  00 00
 (003.185366)  can0  421   [2]  00 00
 (003.256136)  can0  421   [2]  00 00
 (003.326909)  can0  421   [2]  00 00
 (003.397683)  can0  421   [2]  00 00
 (003.468474)  can0  421   [2]  00 00
 (003.539276)  can0  421   [2]  00 00
 (003.610059)  can0  421   [2]  00 00
 (003.680826)  can0  421   [2]  00 00
 (003.751617)  can0  421   [2]  00 00
 (003.795307)  can0  422   [1]  00
 (003.822395)  can0  421   [2]  00 00
 (003.893173)  can0  421   [2]  00 00
 (003.963981)  can0  421   [2]  00 00
 (004.034802)  can0  421   [2]  00 00
 (004.105513)  can0  421   [2]  00 00
 (004.176308)  can0  421   [2]  00 00
 (004.247062)  can0  421   [2]  00 00
 (004.317839)  can0  421   [2]  00 00
 (004.388619)  can0  421   [2]  00 00
 (004.459391)  can0  421   [2]  00 00
 (004.530185)  can0  421   [2]  00 00
 (004.601015)  can0  421   [2]  00 00
 (004.671825)  can0  421   [2]  00 00
 (004.742551)  can0  421   [2]  00 00
 (004.795308)  can0  422   [1]  00
 (004.813294)  can0  421   [2]  00 00
 (004.884070)  can0  421   [2]  00 00
 (004.954857)  can0  421   [2]  00 00
 (005.025631)  can0  421   [2]  00 00
 (005.096405)  can0  421   [2]  00 00
 (005.167216)  can0  421   [2]  00 00
 (005.238008)  can0  421   [2]  00 00
 (005.308769)  can0  421   [2]  00 00
 (005.379550)  can0  421   [2]  00 00
 (005.450324)  can0  421   [2]  00 00
 (005.521091)  can0  421   [2]  00 00
 (005.591874)  can0  421   [2]  00 00
 (005.662658)  can0  421   [2]  00 00
 (005.733424)  can0  421   [2]  00 00
 (005.795333)  can0  422   [1]  00
 (005.804205)  can0  421   [2]  00 00
 (005.874978)  can0  421   [2]  00 00
 (005.945753)  can0  421   [2]  00 00
 (006.016536)  can0  421   [2]  00 00
 (006.087327)  can0  421   [2]  00 00
 (006.158138)  can0  421   [2]  00 00
 (006.228924)  can0  421   [2]  00 00
 (006.299701)  can0  421   [2]  00 00
 (006.370447)  can0  421   [2]  00 00
 (006.441213)  can0  421   [2]  00 00
 (006.512007)  can0  421   [2]  00 00
 (006.582773)  can0  421   [2]  00 00
 (006.653584)  can0  421   [2]  00 00
 (006.724361)  can0  421   [2]  00 00
 (006.795129)  can0  421   [2]  00 00
 (006.795337)  can0  422   [1]  00
 (006.865928)  can0  421   [2]  00 00
 (006.936709)  can0  421   [2]  00 00
 (007.007506)  can0  421   [2]  00 00
 (007.078273)  can0  421   [2]  00 00
 (007.149060)  can0  421   [2]  00 00
 (007.219844)  can0  421   [2]  00 00
 (007.290626)  can0  421   [2]  00 00
 (007.361409)  can0  421   [2]  00 00
 (007.432197)  can0  421   [2]  00 00
 (007.502984)  can0  421   [2]  00 00
 (007.573769)  can0  421   [2]  00 00
 (007.644581)  can0  421   [2]  00 00
 (007.715345)  can0  421   [2]  00 00
 (007.786116)  can0  421   [2]  00 00
 (007.795418)  can0  422   [1]  00
 (007.856858)  can0  421   [2]  00 00
 (007.927605)  can0  421   [2]  00 00
 (007.998369)  can0  421   [2]  00 00
 (008.069124)  can0  421   [2]  00 00
 (008.139889)  can0  421   [2]  00 00
 (008.210667)  can0  421   [2]  00 00
 (008.281478)  can0  421   [2]  00 00
 (008.352206)  can0  421   [2]  00 00
 (008.422949)  can0  421   [2]  00 00
 (008.493732)  can0  421   [2]  00 00
 (008.564571)  can0  421   [2]  00 00
 (008.635244)  can0  421   [2]  00 00
 (008.706012)  can0  421   [2]  00 00
 (008.776770)  can0  421   [2]  00 00
 (008.795384)  can0  422   [1]  00
 (008.847521)  can0  421   [2]  00 00
 (008.918266)  can0  421   [2]  00 00
 (008.989039)  can0  421   [2]  00 00
 (009.059804)  can0  421   [2]  00 00
 (009.130534)  can0  421   [2]  00 00
 (009.201341)  can0  421   [2]  00 00
 (009.272066)  can0  421   [2]  00 00
 (009.342866)  can0  421   [2]  00 00
 (009.413552)  can0  421   [2]  00 00
 (009.484313)  can0  421   [2]  00 00
 (009.555059)  can0  421   [2]  00 00
 (009.625804)  can0  421   [2]  00 00
 (009.696576)  can0  421   [2]  00 00
 (009.767070)  can0  421   [2]  00 01
 (009.795394)  can0  422   [1]  00
 (009.837848)  can0  421   [2]  00 01
 (009.908855)  can0  421   [2]  00 00
 (009.979648)  can0  421   [2]  00 00
 (010.050386)  can0  421   [2]  00 00
 (010.121130)  can0  421   [2]  00 00
 (010.191879)  can0  421   [2]  00 00
 (010.262626)  can0  421   [2]  00 00
 (010.333116)  can0  421   [2]  00 02
 (010.403870)  can0  421   [2]  00 02
 (010.474626)  can0  421   [2]  00 02
 (010.545648)  can0  421   [2]  00 00
 (010.616407)  can0  421   [2]  00 00
 (010.687171)  can0  421   [2]  00 00
 (010.757983)  can0  421   [2]  00 00
 (010.795411)  can0  422   [1]  00
 (010.828728)  can0  421   [2]  00 00
 (010.899517)  can0  421   [2]  00 00
 (010.970233)  can0  421   [2]  00 00
 (011.040966)  can0  421   [2]  00 00
 (011.111715)  can0  421   [2]  00 00
 (011.182468)  can0  421   [2]  00 00
 (011.253244)  can0  421   [2]  00 00
 (011.324002)  can0  421   [2]  00 00
 (011.394788)  can0  421   [2]  00 00
 (011.465540)  can0  421   [2]  00 00
 (011.536337)  can0  421   [2]  00 00
 (011.607094)  can0  421   [2]  00 00
 (011.677878)  can0  421   [2]  00 00
 (011.748645)  can0  421   [2]  00 00
 (011.795424)  can0  422   [1]  00
 (011.819408)  can0  421   [2]  00 00
 (011.890177)  can0  421   [2]  00 00
 (011.960931)  can0  421   [2]  00 00
 (012.031693)  can0  421   [2]  00 00
 (012.102451)  can0  421   [2]  00 00
 (012.173222)  can0  421   [2]  00 00
 (012.243987)  can0  421   [2]  00 00
 (012.314789)  can0  421   [2]  00 00
 (012.385563)  can0  421   [2]  00 00
 (012.456338)  can0  421   [2]  00 00
 (012.527071)  can0  421   [2]  00 00
 (012.597796)  can0  421   [2]  00 00
 (012.668543)  can0  421   [2]  00 00
 (012.739313)  can0  421   [2]  00 00
 (012.795409)  can0  422   [1]  00
 (012.810049)  can0  421   [2]  00 00
 (012.880814)  can0  421   [2]  00 00
 (012.951605)  can0  421   [2]  00 00
 (013.022365)  can0  421   [2]  00 00
 (013.093126)  can0  421   [2]  00 00
 (013.163890)  can0  421   [2]  00 00
 (013.234649)  can0  421   [2]  00 00
 (013.305398)  can0  421   [2]  00 00
 (013.376146)  can0  421   [2]  00 00
 (013.446891)  can0  421   [2]  00 00
 (013.517663)  can0  421   [2]  00 00
 (013.588402)  can0  421   [2]  00 00
 (013.659168)  can0  421   [2]  00 00
 (013.729931)  can0  421   [2]  00 00
 (013.795453)  can0  422   [1]  00
 (013.800681)  can0  421   [2]  00 00
 (013.871497)  can0  421   [2]  00 00
 (013.942243)  can0  421   [2]  00 00
 (014.013041)  can0  421   [2]  00 00
 (014.083759)  can0  421   [2]  00 00
 (014.154471)  can0  421   [2]  00 00
 (014.225231)  can0  421   [2]  00 00
 (014.295980)  can0  421   [2]  00 00
 (014.366744)  can0  421   [2]  00 00
 (014.437513)  can0  421   [2]  00 00
 (014.508325)  can0  421   [2]  00 00
 (014.579063)  can0  421   [2]  00 00
 (014.649814)  can0  421   [2]  00 00
 (014.720574)  can0  421   [2]  00 00
 (014.791341)  can0  421   [2]  00 00
 (014.795476)  can0  422   [1]  00
 (014.862138)  can0  421   [2]  00 00
 (014.932867)  can0  421   [2]  00 00
 (015.003619)  can0  421   [2]  00 00
 (015.074373)  can0  421   [2]  00 00
 (015.145137)  can0  421   [2]  00 00
 (015.215914)  can0  421   [2]  00 00
 (015.286690)  can0  421   [2]  00 00
 (015.357470)  can0  421   [2]  00 00
 (015.428273)  can0  421   [2]  00 00
 (015.499082)  can0  421   [2]  00 00
 (015.569892)  can0  421   [2]  00 00
 (015.640540)  can0  421   [2]  00 00
 (015.711312)  can0  421   [2]  00 00
 (015.782066)  can0  421   [2]  00 00
 (015.795446)  can0  422   [1]  00
 (015.852843)  can0  421   [2]  00 00
 (015.923595)  can0  421   [2]  00 00
 (015.994365)  can0  421   [2]  00 00
 (016.065123)  can0  421   [2]  00 00
 (016.135880)  can0  421   [2]  00 00
 (016.206660)  can0  421   [2]  00 00
 (016.277424)  can0  421   [2]  00 00
 (016.348197)  can0  421   [2]  00 00
 (016.418963)  can0  421   [2]  00 00
 (016.489749)  can0  421   [2]  00 00
 (016.560506)  can0  421   [2]  00 00
 (016.631257)  can0  421   [2]  00 00
 (016.702041)  can0  421   [2]  00 00
 (016.772799)  can0  421   [2]  00 00
 (016.795459)  can0  422   [1]  00
 (016.843566)  can0  421   [2]  00 00
 (016.914341)  can0  421   [2]  00 00
 (016.985120)  can0  421   [2]  00 00
 (017.055873)  can0  421   [2]  00 00
 (017.126637)  can0  421   [2]  00 00
 (017.197416)  can0  421   [2]  00 00
 (017.268177)  can0  421   [2]  00 00
 (017.338944)  can0  421   [2]  00 00
 (017.409691)  can0  421   [2]  00 00
 (017.480469)  can0  421   [2]  00 00
 (017.551215)  can0  421   [2]  00 00
 (017.621979)  can0  421   [2]  00 00
 (017.692749)  can0  421   [2]  00 00
 (017.763505)  can0  421   [2]  00 00
 (017.795473)  can0  422   [1]  00
 (017.834256)  can0  421   [2]  00 00
 (017.905015)  can0  421   [2]  00 00
 (017.975796)  can0  421   [2]  00 00
 (018.046540)  can0  421   [2]  00 00
 (018.117297)  can0  421   [2]  00 00
 (018.188061)  can0  421   [2]  00 00
 (018.258833)  can0  421   [2]  00 00
 (018.329577)  can0  421   [2]  00 00
 (018.400327)  can0  421   [2]  00 00
 (018.471099)  can0  421   [2]  00 00
 (018.541849)  can0  421   [2]  00 00
 (018.612612)  can0  421   [2]  00 00
 (018.683393)  can0  421   [2]  00 00
 (018.754171)  can0  421   [2]  00 00
 (018.795489)  can0  422   [1]  00
 (018.824930)  can0  421   [2]  00 00
 (018.895692)  can0  421   [2]  00 00
 (018.966471)  can0  421   [2]  00 00
 (019.037227)  can0  421   [2]  00 00
 (019.107988)  can0  421   [2]  00 00
 (019.178753)  can0  421   [2]  00 00
 (019.249525)  can0  421   [2]  00 00
 (019.320283)  can0  421   [2]  00 00
 (019.391045)  can0  421   [2]  00 00
 (019.461829)  can0  421   [2]  00 00
 (019.532574)  can0  421   [2]  00 00
 (019.603337)  can0  421   [2]  00 00
 (019.674106)  can0  421   [2]  00 00
 (019.744890)  can0  421   [2]  00 00
 (019.795503)  can0  422   [1]  00
 (019.815639)  can0  421   [2]  00 00
 (019.886393)  can0  421   [2]  00 00
 (019.957172)  can0  421   [2]  00 00
 (020.027910)  can0  421   [2]  00 00
 (020.098676)  can0  421   [2]  00 00
 (020.169436)  can0  421   [2]  00 00
 (020.240212)  can0  421   [2]  00 00
 (020.310964)  can0  421   [2]  00 00
 (020.381736)  can0  421   [2]  00 00
 (020.452519)  can0  421   [2]  00 00
 (020.523271)  can0  421   [2]  00 00
 (020.594039)  can0  421   [2]  00 00
 (020.664779)  can0  421   [2]  00 00
 (020.735565)  can0  421   [2]  00 00
 (020.795520)  can0  422   [1]  00
 (020.806310)  can0  421   [2]  00 00
 (020.877087)  can0  421   [2]  00 00
 (020.947868)  can0  421   [2]  00 00
 (021.018624)  can0  421   [2]  00 00
 (021.089390)  can0  421   [2]  00 00
 (021.160158)  can0  421   [2]  00 00
 (021.230929)  can0  421   [2]  00 00
 (021.301674)  can0  421   [2]  00 00
 (021.372432)  can0  421   [2]  00 00
 (021.443210)  can0  421   [2]  00 00
 (021.513958)  can0  421   [2]  00 00
 (021.584732)  can0  421   [2]  00 00
 (021.655492)  can0  421   [2]  00 00
 (021.726272)  can0  421   [2]  00 00
 (021.795537)  can0  422   [1]  00
 (021.797011)  can0  421   [2]  00 00
 (021.867788)  can0  421   [2]  00 00
 (021.938555)  can0  421   [2]  00 00
 (022.009319)  can0  421   [2]  00 00
 (022.080083)  can0  421   [2]  00 00
 (022.150845)  can0  421   [2]  00 00
 (022.221628)  can0  421   [2]  00 00
 (022.292383)  can0  421   [2]  00 00
 (022.363150)  can0  421   [2]  00 00
 (022.433923)  can0  421   [2]  00 00
 (022.504688)  can0  421   [2]  00 00
 (022.575443)  can0  421   [2]  00 00
 (022.646208)  can0  421   [2]  00 00
 (022.716985)  can0  421   [2]  00 00
 (022.787731)  can0  421   [2]  00 00
 (022.795541)  can0  422   [1]  00
 (022.858501)  can0  421   [2]  00 00
 (022.929270)  can0  421   [2]  00 00
 (023.000029)  can0  421   [2]  00 00
 (023.070770)  can0  421   [2]  00 00
 (023.141522)  can0  421   [2]  00 00
 (023.212300)  can0  421   [2]  00 00
 (023.283049)  can0  421   [2]  00 00
 (023.353807)  can0  421   [2]  00 00
 (023.424583)  can0  421   [2]  00 00
 (023.495341)  can0  421   [2]  00 00
 (023.566089)  can0  421   [2]  00 00
 (023.636839)  can0  421   [2]  00 00
 (023.707610)  can0  421   [2]  00 00
 (023.778351)  can0  421   [2]  00 00
 (023.795551)  can0  422   [1]  00
 (023.849126)  can0  421   [2]  00 00
 (023.919869)  can0  421   [2]  00 00
 (023.990637)  can0  421   [2]  00 00
 (024.061380)  can0  421   [2]  00 00
 (024.132125)  can0  421   [2]  00 00
 (024.202893)  can0  421   [2]  00 00
 (024.273640)  can0  421   [2]  00 00
 (024.344387)  can0  421   [2]  00 00
 (024.415144)  can0  421   [2]  00 00
 (024.485905)  can0  421   [2]  00 00
 (024.556642)  can0  421   [2]  00 00
 (024.627393)  can0  421   [2]  00 00
 (024.698156)  can0  421   [2]  00 00
 (024.768894)  can0  421   [2]  00 00
 (024.795574)  can0  422   [1]  00
 (024.839650)  can0  421   [2]  00 00
 (024.910405)  can0  421   [2]  00 00
 (024.981168)  can0  421   [2]  00 00
 (025.051922)  can0  421   [2]  00 00
 (025.122652)  can0  421   [2]  00 00
 (025.193406)  can0  421   [2]  00 00
 (025.264132)  can0  421   [2]  00 00
 (025.334870)  can0  421   [2]  00 00
 (025.405620)  can0  421   [2]  00 00
 (025.476374)  can0  421   [2]  00 00
 (025.547114)  can0  421   [2]  00 00
 (025.617857)  can0  421   [2]  00 00
 (025.688605)  can0  421   [2]  00 00
 (025.759345)  can0  421   [2]  00 00
 (025.795586)  can0  422   [1]  00
 (025.830094)  can0  421   [2]  00 00
 (025.900823)  can0  421   [2]  00 00
 (025.971576)  can0  421   [2]  00 00
 (026.042313)  can0  421   [2]  00 00
 (026.113055)  can0  421   [2]  00 00
 (026.183818)  can0  421   [2]  00 00
 (026.254566)  can0  421   [2]  00 00
 (026.325323)  can0  421   [2]  00 00
 (026.396076)  can0  421   [2]  00 00
 (026.466841)  can0  421   [2]  00 00
 (026.537589)  can0  421   [2]  00 00
 (026.608341)  can0  421   [2]  00 00
 (026.679104)  can0  421   [2]  00 00
 (026.749854)  can0  421   [2]  00 00
 (026.795604)  can0  422   [1]  00
 (026.820598)  can0  421   [2]  00 00
 (026.891346)  can0  421   [2]  00 00
 (026.962112)  can0  421   [2]  00 00
 (027.032861)  can0  421   [2]  00 00
 (027.103618)  can0  421   [2]  00 00
 (027.174402)  can0  421   [2]  00 00
 (027.245151)  can0  421   [2]  00 00
 (027.315901)  can0  421   [2]  00 00
 (027.386648)  can0  421   [2]  00 00
 (027.457421)  can0  421   [2]  00 00
 (027.528174)  can0  421   [2]  00 00
 (027.598925)  can0  421   [2]  00 00
 (027.669697)  can0  421   [2]  00 00
 (027.740482)  can0  421   [2]  00 00
 (027.795614)  can0  422   [1]  00
 (027.811231)  can0  421   [2]  00 00
 (027.881993)  can0  421   [2]  00 00
 (027.952771)  can0  421   [2]  00 00
 (028.023514)  can0  421   [2]  00 00
 (028.094265)  can0  421   [2]  00 00
 (028.165016)  can0  421   [2]  00 00
 (028.235781)  can0  421   [2]  00 00
 (028.306524)  can0  421   [2]  00 00
 (028.377273)  can0  421   [2]  00 00
 (028.448044)  can0  421   [2]  00 00
 (028.518796)  can0  421   [2]  00 00
 (028.589547)  can0  421   [2]  00 00
 (028.660297)  can0  421   [2]  00 00
 (028.731066)  can0  421   [2]  00 00
 (028.795628)  can0  422   [1]  00
 (028.801800)  can0  421   [2]  00 00
 (028.872557)  can0  421   [2]  00 00
 (028.943332)  can0  421   [2]  00 00
 (029.014071)  can0  421   [2]  00 00
 (029.084826)  can0  421   [2]  00 00
 (029.155573)  can0  421   [2]  00 00
 (029.226342)  can0  421   [2]  00 00
 (029.297072)  can0  421   [2]  00 00
 (029.367821)  can0  421   [2]  00 00
 (029.438600)  can0  421   [2]  00 00
 (029.509340)  can0  421   [2]  00 00
 (029.580086)  can0  421   [2]  00 00
 (029.650843)  can0  421   [2]  00 00
 (029.721615)  can0  421   [2]  00 00
 (029.792366)  can0  421   [2]  00 00
 (029.795637)  can0  422   [1]  00
 (029.863132)  can0  421   [2]  00 00
 (029.933908)  can0  421   [2]  00 00
 (030.004648)  can0  421   [2]  00 00
 (030.075407)  can0  421   [2]  00 00
 (030.146158)  can0  421   [2]  00 00
 (030.216925)  can0  421   [2]  00 00
 (030.287660)  can0  421   [2]  00 00
 (030.358416)  can0  421   [2]  00 00
 (030.429180)  can0  421   [2]  00 00
 (030.499927)  can0  421   [2]  00 00
 (030.570671)  can0  421   [2]  00 00
 (030.641413)  can0  421   [2]  00 00
 (030.712190)  can0  421   [2]  00 00
 (030.782935)  can0  421   [2]  00 00
 (030.795645)  can0  422   [1]  00
 (030.853694)  can0  421   [2]  00 00
 (030.924450)  can0  421   [2]  00 00
 (030.995204)  can0  421   [2]  00 00
 (031.065942)  can0  421   [2]  00 00
 (031.136687)  can0  421   [2]  00 00
 (031.207455)  can0  421   [2]  00 00
 (031.278190)  can0  421   [2]  00 00
 (031.348942)  can0  421   [2]  00 00
 (031.419714)  can0  421   [2]  00 00
 (031.490493)  can0  421   [2]  00 00
 (031.561256)  can0  421   [2]  00 00
 (031.632008)  can0  421   [2]  00 00
 (031.702801)  can0  421   [2]  00 00
 (031.773548)  can0  421   [2]  00 00
 (031.795661)  can0  422   [1]  00
 (031.844314)  can0  421   [2]  00 00
 (031.915096)  can0  421   [2]  00 00
 (031.985877)  can0  421   [2]  00 00
 (032.056621)  can0  421   [2]  00 00
 (032.127389)  can0  421   [2]  00 00
 (032.198172)  can0  421   [2]  00 00
 (032.268928)  can0  421   [2]  00 00
 (032.339692)  can0  421   [2]  00 00
 (032.410470)  can0  421   [2]  00 00
 (032.481255)  can0  421   [2]  00 00
 (032.552012)  can0  421   [2]  00 00
 (032.622777)  can0  421   [2]  00 00
 (032.693562)  can0  421   [2]  00 00
 (032.764302)  can0  421   [2]  00 00
 (032.795672)  can0  422   [1]  00
 (032.835071)  can0  421   [2]  00 00
 (032.905830)  can0  421   [2]  00 00
 (032.976610)  can0  421   [2]  00 00
 (033.047353)  can0  421   [2]  00 00
 (033.118112)  can0  421   [2]  00 00
 (033.188891)  can0  421   [2]  00 00
 (033.259643)  can0  421   [2]  00 00
 (033.330406)  can0  421   [2]  00 00
 (033.401175)  can0  421   [2]  00 00
 (033.471962)  can0  421   [2]  00 00
 (033.542703)  can0  421   [2]  00 00
 (033.613466)  can0  421   [2]  00 00
 (033.684251)  can0  421   [2]  00 00
 (033.755004)  can0  421   [2]  00 00
 (033.795692)  can0  422   [1]  00
 (033.825777)  can0  421   [2]  00 00
 (033.896537)  can0  421   [2]  00 00
 (033.967329)  can0  421   [2]  00 00
 (034.038084)  can0  421   [2]  00 00
 (034.108843)  can0  421   [2]  00 00
 (034.179634)  can0  421   [2]  00 00
 (034.250410)  can0  421   [2]  00 00
 (034.321154)  can0  421   [2]  00 00
 (034.391921)  can0  421   [2]  00 00
 (034.462709)  can0  421   [2]  00 00
 (034.533463)  can0  421   [2]  00 00
 (034.604234)  can0  421   [2]  00 00
 (034.675014)  can0  421   [2]  00 00
 (034.745785)  can0  421   [2]  00 00
 (034.795703)  can0  422   [1]  00
 (034.816539)  can0  421   [2]  00 00
 (034.887311)  can0  421   [2]  00 00
 (034.958102)  can0  421   [2]  00 00
 (035.028861)  can0  421   [2]  00 00
 (035.099629)  can0  421   [2]  00 00
 (035.170409)  can0  421   [2]  00 00
 (035.241165)  can0  421   [2]  00 00
 (035.311918)  can0  421   [2]  00 00
 (035.382683)  can0  421   [2]  00 00
 (035.453455)  can0  421   [2]  00 00
 (035.524220)  can0  421   [2]  00 00
 (035.594971)  can0  421   [2]  00 00
 (035.665734)  can0  421   [2]  00 00
 (035.736499)  can0  421   [2]  00 00
 (035.795722)  can0  422   [1]  00
 (035.807228)  can0  421   [2]  00 00
 (035.877994)  can0  421   [2]  00 00
 (035.948753)  can0  421   [2]  00 00
 (036.019498)  can0  421   [2]  00 00
 (036.090249)  can0  421   [2]  00 00
 (036.161009)  can0  421   [2]  00 00
 (036.231762)  can0  421   [2]  00 00
 (036.302502)  can0  421   [2]  00 00
 (036.373253)  can0  421   [2]  00 00
 (036.444031)  can0  421   [2]  00 00
 (036.514771)  can0  421   [2]  00 00
 (036.585523)  can0  421   [2]  00 00
 (036.656289)  can0  421   [2]  00 00
 (036.727059)  can0  421   [2]  00 00
 (036.795734)  can0  422   [1]  00
 (036.797803)  can0  421   [2]  00 00
 (036.868566)  can0  421   [2]  00 00
 (036.939347)  can0  421   [2]  00 00
 (037.010096)  can0  421   [2]  00 00
 (037.080846)  can0  421   [2]  00 00
 (037.151606)  can0  421   [2]  00 00
 (037.222373)  can0  421   [2]  00 00
 (037.293122)  can0  421   [2]  00 00
 (037.363879)  can0  421   [2]  00 00
 (037.434657)  can0  421   [2]  00 00
 (037.505401)  can0  421   [2]  00 00
 (037.576159)  can0  421   [2]  00 00
 (037.646919)  can0  421   [2]  00 00
 (037.717695)  can0  421   [2]  00 00
 (037.788438)  can0  421   [2]  00 00
 (037.795741)  can0  422   [1]  00
 (037.859194)  can0  421   [2]  00 00
 (037.929960)  can0  421   [2]  00 00
 (038.000711)  can0  421   [2]  00 00
 (038.071466)  can0  421   [2]  00 00
 (038.142207)  can0  421   [2]  00 00
 (038.212983)  can0  421   [2]  00 00
 (038.283725)  can0  421   [2]  00 00
 (038.354483)  can0  421   [2]  00 00
 (038.425255)  can0  421   [2]  00 00
 (038.496001)  can0  421   [2]  00 00
 (038.566756)  can0  421   [2]  00 00
 (038.637507)  can0  421   [2]  00 00
 (038.708285)  can0  421   [2]  00 00
 (038.779040)  can0  421   [2]  00 00
 (038.795757)  can0  422   [1]  00
 (038.849813)  can0  421   [2]  00 00
 (038.920594)  can0  421   [2]  00 00
 (038.991361)  can0  421   [2]  00 00
 (039.062110)  can0  421   [2]  00 00
 (039.132878)  can0  421   [2]  00 00
 (039.203655)  can0  421   [2]  00 00
 (039.274404)  can0  421   [2]  00 00
 (039.345169)  can0  421   [2]  00 00
 (039.415938)  can0  421   [2]  00 00
 (039.486711)  can0  421   [2]  00 00
 (039.557465)  can0  421   [2]  00 00
 (039.628219)  can0  421   [2]  00 00
 (039.699004)  can0  421   [2]  00 00
 (039.769759)  can0  421   [2]  00 00
 (039.795768)  can0  422   [1]  00
 (039.840530)  can0  421   [2]  00 00
 (039.911304)  can0  421   [2]  00 00
 (039.982076)  can0  421   [2]  00 00
 (040.052826)  can0  421   [2]  00 00
 (040.123582)  can0  421   [2]  00 00
 (040.194373)  can0  421   [2]  00 00
 (040.265123)  can0  421   [2]  00 00
 (040.335882)  can0  421   [2]  00 00
 (040.406663)  can0  421   [2]  00 00
 (040.477432)  can0  421   [2]  00 00
 (040.548192)  can0  421   [2]  00 00
 (040.618963)  can0  421   [2]  00 00
 (040.689743)  can0  421   [2]  00 00
 (040.760491)  can0  421   [2]  00 00
 (040.795786)  can0  422   [1]  00
 (040.831254)  can0  421   [2]  00 00
 (040.902019)  can0  421   [2]  00 00
 (040.972789)  can0  421   [2]  00 00
 (041.043539)  can0  421   [2]  00 00
 (041.114319)  can0  421   [2]  00 00
 (041.185105)  can0  421   [2]  00 00
 (041.255859)  can0  421   [2]  00 00
 (041.326648)  can0  421   [2]  00 00
 (041.397400)  can0  421   [2]  00 00
 (041.468187)  can0  421   [2]  00 00
 (041.538943)  can0  421   [2]  00 00
 (041.609702)  can0  421   [2]  00 00
 (041.680488)  can0  421   [2]  00 00
 (041.751234)  can0  421   [2]  00 00
 (041.795799)  can0  422   [1]  00
 (041.821996)  can0  421   [2]  00 00
 (041.892757)  can0  421   [2]  00 00
 (041.963540)  can0  421   [2]  00 00
 (042.034295)  can0  421   [2]  00 00
 (042.105068)  can0  421   [2]  00 00
 (042.175847)  can0  421   [2]  00 00
 (042.246601)  can0  421   [2]  00 00
 (042.317373)  can0  421   [2]  00 00
 (042.388142)  can0  421   [2]  00 00
 (042.458929)  can0  421   [2]  00 00
 (042.529688)  can0  421   [2]  00 00
 (042.600465)  can0  421   [2]  00 00
 (042.671250)  can0  421   [2]  00 00
 (042.742029)  can0  421   [2]  00 00
 (042.795812)  can0  422   [1]  00
 (042.812795)  can0  421   [2]  00 00
 (042.883578)  can0  421   [2]  00 00
 (042.954379)  can0  421   [2]  00 00
 (043.025137)  can0  421   [2]  00 00
 (043.095910)  can0  421   [2]  00 00
 (043.166704)  can0  421   [2]  00 00
 (043.237476)  can0  421   [2]  00 00
 (043.308242)  can0  421   [2]  00 00
 (043.379019)  can0  421   [2]  00 00
 (043.449805)  can0  421   [2]  00 00
 (043.520564)  can0  421   [2]  00 00
 (043.591342)  can0  421   [2]  00 00
 (043.662120)  can0  421   [2]  00 00
 (043.732887)  can0  421   [2]  00 00
 (043.795822)  can0  422   [1]  00
 (043.803646)  can0  421   [2]  00 00
 (043.874418)  can0  421   [2]  00 00
 (043.945205)  can0  421   [2]  00 00
 (044.015946)  can0  421   [2]  00 00
 (044.086710)  can0  421   [2]  00 00
 (044.157490)  can0  421   [2]  00 00
 (044.228247)  can0  421   [2]  00 00
 (044.298991)  can0  421   [2]  00 00
 (044.369757)  can0  421   [2]  00 00
 (044.440539)  can0  421   [2]  00 00
 (044.511291)  can0  421   [2]  00 00
 (044.582052)  can0  421   [2]  00 00
 (044.652819)  can0  421   [2]  00 00
 (044.723591)  can0  421   [2]  00 00
 (044.794331)  can0  421   [2]  00 00
 (044.795833)  can0  422   [1]  00
 (044.865100)  can0  421   [2]  00 00
 (044.935875)  can0  421   [2]  00 00
 (045.006623)  can0  421   [2]  00 00
 (045.077379)  can0  421   [2]  00 00
 (045.148138)  can0  421   [2]  00 00
 (045.218925)  can0  421   [2]  00 00
 (045.289673)  can0  421   [2]  00 00
 (045.360424)  can0  421   [2]  00 00
 (045.431209)  can0  421   [2]  00 00
 (045.501951)  can0  421   [2]  00 00
 (045.572713)  can0  421   [2]  00 00
 (045.643471)  can0  421   [2]  00 00
 (045.714240)  can0  421   [2]  00 00
 (045.784987)  can0  421   [2]  00 00
 (045.795849)  can0  422   [1]  00
 (045.855752)  can0  421   [2]  00 00
 (045.926525)  can0  421   [2]  00 00
 (045.997273)  can0  421   [2]  00 00
 (046.068034)  can0  421   [2]  00 00
 (046.138800)  can0  421   [2]  00 00
 (046.209580)  can0  421   [2]  00 00
 (046.280336)  can0  421   [2]  00 00
 (046.351102)  can0  421   [2]  00 00
 (046.421897)  can0  421   [2]  00 00
 (046.492643)  can0  421   [2]  00 00
 (046.563405)  can0  421   [2]  00 00
 (046.634172)  can0  421   [2]  00 00
 (046.704954)  can0  421   [2]  00 00
 (046.775706)  can0  421   [2]  00 00
 (046.795863)  can0  422   [1]  00
 (046.846474)  can0  421   [2]  00 00
 (046.917262)  can0  421   [2]  00 00
 (046.988016)  can0  421   [2]  00 00
 (047.058781)  can0  421   [2]  00 00
 (047.129544)  can0  421   [2]  00 00
 (047.200334)  can0  421   [2]  00 00
 (047.271090)  can0  421   [2]  00 00
 (047.341863)  can0  421   [2]  00 00
 (047.412644)  can0  421   [2]  00 00
 (047.483409)  can0  421   [2]  00 00
 (047.554156)  can0  421   [2]  00 00
 (047.624923)  can0  421   [2]  00 00
 (047.695706)  can0  421   [2]  00 00
 (047.766455)  can0  421   [2]  00 00
 (047.795875)  can0  422   [1]  00
 (047.837226)  can0  421   [2]  00 00
 (047.908007)  can0  421   [2]  00 00
 (047.978777)  can0  421   [2]  00 00
 (048.049527)  can0  421   [2]  00 00
 (048.120290)  can0  421   [2]  00 00
 (048.191080)  can0  421   [2]  00 00
 (048.261834)  can0  421   [2]  00 00
 (048.332601)  can0  421   [2]  00 00
 (048.403381)  can0  421   [2]  00 00
 (048.474145)  can0  421   [2]  00 00
 (048.544903)  can0  421   [2]  00 00
 (048.615666)  can0  421   [2]  00 00
 (048.686437)  can0  421   [2]  00 00
 (048.757190)  can0  421   [2]  00 00
 (048.795886)  can0  422   [1]  00
 (048.827957)  can0  421   [2]  00 00
 (048.898737)  can0  421   [2]  00 00
 (048.969500)  can0  421   [2]  00 00
 (049.040254)  can0  421   [2]  00 00
 (049.111014)  can0  421   [2]  00 00
 (049.181794)  can0  421   [2]  00 00
 (049.252543)  can0  421   [2]  00 00
 (049.323303)  can0  421   [2]  00 00
 (049.394075)  can0  421   [2]  00 00
 (049.464848)  can0  421   [2]  00 00
 (049.535599)  can0  421   [2]  00 00
 (049.606361)  can0  421   [2]  00 00
 (049.677142)  can0  421   [2]  00 00
 (049.747889)  can0  421   [2]  00 00
 (049.795895)  can0  422   [1]  00
 (049.818653)  can0  421   [2]  00 00
 (049.889414)  can0  421   [2]  00 00
 (049.960196)  can0  421   [2]  00 00
 (050.030938)  can0  421   [2]  00 00
 (050.101702)  can0  421   [2]  00 00
 (050.172490)  can0  421   [2]  00 00
 (050.243244)  can0  421   [2]  00 00
 (050.314011)  can0  421   [2]  00 00
 (050.384793)  can0  421   [2]  00 00
 (050.455574)  can0  421   [2]  00 00
 (050.526328)  can0  421   [2]  00 00
 (050.597094)  can0  421   [2]  00 00
 (050.667871)  can0  421   [2]  00 00
 (050.738618)  can0  421   [2]  00 00
 (050.795917)  can0  422   [1]  00
 (050.809364)  can0  421   [2]  00 00
 (050.880146)  can0  421   [2]  00 00
 (050.950897)  can0  421   [2]  00 00
 (051.021634)  can0  421   [2]  00 00
 (051.092394)  can0  421   [2]  00 00
 (051.163162)  can0  421   [2]  00 00
 (051.233898)  can0  421   [2]  00 00
 (051.304649)  can0  421   [2]  00 00
 (051.375402)  can0  421   [2]  00 00
 (051.446169)  can0  421   [2]  00 00
 (051.516914)  can0  421   [2]  00 00
 (051.587669)  can0  421   [2]  00 00
 (051.658442)  can0  421   [2]  00 00
 (051.729195)  can0  421   [2]  00 00
 (051.795927)  can0  422   [1]  00
 (051.799941)  can0  421   [2]  00 00
 (051.870706)  can0  421   [2]  00 00
 (051.941468)  can0  421   [2]  00 00
 (052.012209)  can0  421   [2]  00 00
 (052.082960)  can0  421   [2]  00 00
 (052.153735)  can0  421   [2]  00 00
 (052.224492)  can0  421   [2]  00 00
 (052.295226)  can0  421   [2]  00 00
 (052.365974)  can0  421   [2]  00 00
 (052.436760)  can0  421   [2]  00 00
 (052.507499)  can0  421   [2]  00 00
 (052.578243)  can0  421   [2]  00 00
 (052.648999)  can0  421   [2]  00 00
 (052.719742)  can0  421   [2]  00 00
 (052.790474)  can0  421   [2]  00 00
 (052.795939)  can0  422   [1]  00
 (052.861236)  can0  421   [2]  00 00
 (052.931991)  can0  421   [2]  00 00
 (053.002733)  can0  421   [2]  00 00
 (053.073481)  can0  421   [2]  00 00
 (053.144240)  can0  421   [2]  00 00
 (053.214989)  can0  421   [2]  00 00
 (053.285725)  can0  421   [2]  00 00
 (053.356460)  can0  421   [2]  00 00
 (053.427226)  can0  421   [2]  00 00
 (053.497950)  can0  421   [2]  00 00
 (053.568692)  can0  421   [2]  00 00
 (053.639448)  can0  421   [2]  00 00
 (053.710194)  can0  421   [2]  00 00
 (053.780919)  can0  421   [2]  00 00
 (053.795952)  can0  422   [1]  00
 (053.851659)  can0  421   [2]  00 00
 (053.922425)  can0  421   [2]  00 00
 (053.993161)  can0  421   [2]  00 00
 (054.063905)  can0  421   [2]  00 00
 (054.134653)  can0  421   [2]  00 00
 (054.205410)  can0  421   [2]  00 00
 (054.276144)  can0  421   [2]  00 00
 (054.346882)  can0  421   [2]  00 00
 (054.417647)  can0  421   [2]  00 00
 (054.488361)  can0  421   [2]  00 00
 (054.559093)  can0  421   [2]  00 00
 (054.629831)  can0  421   [2]  00 00
 (054.700588)  can0  421   [2]  00 00
 (054.771301)  can0  421   [2]  00 00
 (054.795966)  can0  422   [1]  00
 (054.842044)  can0  421   [2]  00 00
 (054.912806)  can0  421   [2]  00 00
 (054.983531)  can0  421   [2]  00 00
 (055.054269)  can0  421   [2]  00 00
 (055.125011)  can0  421   [2]  00 00
 (055.195776)  can0  421   [2]  00 00
 (055.266495)  can0  421   [2]  00 00
 (055.337227)  can0  421   [2]  00 00
 (055.407988)  can0  421   [2]  00 00
 (055.478713)  can0  421   [2]  00 00
 (055.549467)  can0  421   [2]  00 00
 (055.620214)  can0  421   [2]  00 00
 (055.690958)  can0  421   [2]  00 00
 (055.761685)  can0  421   [2]  00 00
 (055.795980)  can0  422   [1]  00
 (055.832423)  can0  421   [2]  00 00
 (055.903186)  can0  421   [2]  00 00
 (055.973912)  can0  421   [2]  00 00
 (056.044649)  can0  421   [2]  00 00
 (056.115387)  can0  421   [2]  00 00
 (056.186140)  can0  421   [2]  00 00
 (056.256873)  can0  421   [2]  00 00
 (056.327616)  can0  421   [2]  00 00
 (056.398364)  can0  421   [2]  00 00
 (056.469100)  can0  421   [2]  00 00
 (056.539836)  can0  421   [2]  00 00
 (056.610577)  can0  421   [2]  00 00
 (056.681336)  can0  421   [2]  00 00
 (056.752068)  can0  421   [2]  00 00
 (056.795996)  can0  422   [1]  00
 (056.822806)  can0  421   [2]  00 00
 (056.893562)  can0  421   [2]  00 00
 (056.964309)  can0  421   [2]  00 00
 (057.035038)  can0  421   [2]  00 00
 (057.105774)  can0  421   [2]  00 00
 (057.176540)  can0  421   [2]  00 00
 (057.247251)  can0  421   [2]  00 00
 (057.317995)  can0  421   [2]  00 00
 (057.388743)  can0  421   [2]  00 00
 (057.459499)  can0  421   [2]  00 00
 (057.530218)  can0  421   [2]  00 00
 (057.600963)  can0  421   [2]  00 00
 (057.671727)  can0  421   [2]  00 00
 (057.742459)  can0  421   [2]  00 00
 (057.796003)  can0  422   [1]  00
 (057.813203)  can0  421   [2]  00 00
 (057.883962)  can0  421   [2]  00 00
 (057.954711)  can0  421   [2]  00 00
 (058.025444)  can0  421   [2]  00 00
 (058.096196)  can0  421   [2]  00 00
 (058.166953)  can0  421   [2]  00 00
 (058.237688)  can0  421   [2]  00 00
 (058.308428)  can0  421   [2]  00 00
 (058.379165)  can0  421   [2]  00 00
 (058.449923)  can0  421   [2]  00 00
 (058.520668)  can0  421   [2]  00 00
 (058.591403)  can0  421   [2]  00 00
 (058.662150)  can0  421   [2]  00 00
 (058.732876)  can0  421   [2]  00 00
 (058.796017)  can0  422   [1]  00
 (058.803608)  can0  421   [2]  00 00
 (058.874359)  can0  421   [2]  00 00
 (058.945109)  can0  421   [2]  00 00
 (059.015828)  can0  421   [2]  00 00
 (059.086573)  can0  421   [2]  00 00
 (059.157335)  can0  421   [2]  00 00
 (059.228057)  can0  421   [2]  00 00
 (059.298796)  can0  421   [2]  00 00
 (059.369525)  can0  421   [2]  00 00
 (059.440262)  can0  421   [2]  00 00
 (059.510990)  can0  421   [2]  00 00
 (059.581724)  can0  421   [2]  00 00
 (059.652481)  can0  421   [2]  00 00
 (059.723210)  can0  421   [2]  00 00
 (059.793941)  can0  421   [2]  00 00
 (059.796024)  can0  422   [1]  00
 (059.864676)  can0  421   [2]  00 00
 (059.935431)  can0  421   [2]  00 00
 (060.006155)  can0  421   [2]  00 00
 (060.076888)  can0  421   [2]  00 00
 (060.147647)  can0  421   [2]  00 00
 (060.218390)  can0  421   [2]  00 00
 (060.289122)  can0  421   [2]  00 00
 (060.359852)  can0  421   [2]  00 00
 (060.430601)  can0  421   [2]  00 00
 (060.501326)  can0  421   [2]  00 00
 (060.572057)  can0  421   [2]  00 00
 (060.642814)  can0  421   [2]  00 00
 (060.713549)  can0  421   [2]  00 00
 (060.784292)  can0  421   [2]  00 00
 (060.796037)  can0  422   [1]  00
 (060.855042)  can0  421   [2]  00 00
 (060.925790)  can0  421   [2]  00 00
 (060.996523)  can0  421   [2]  00 00
 (061.067268)  can0  421   [2]  00 00
 (061.138015)  can0  421   [2]  00 00
 (061.208746)  can0  421   [2]  00 00
 (061.279488)  can0  421   [2]  00 00
 (061.350205)  can0  421   [2]  00 00
 (061.420960)  can0  421   [2]  00 00
 (061.491678)  can0  421   [2]  00 00
 (061.562413)  can0  421   [2]  00 00
 (061.633170)  can0  421   [2]  00 00
 (061.703923)  can0  421   [2]  00 00
 (061.774642)  can0  421   [2]  00 00
 (061.796048)  can0  422   [1]  00
 (061.845375)  can0  421   [2]  00 00
 (061.916131)  can0  421   [2]  00 00
 (061.986854)  can0  421   [2]  00 00
 (062.057587)  can0  421   [2]  00 00
 (062.128344)  can0  421   [2]  00 00
 (062.199090)  can0  421   [2]  00 00
 (062.269812)  can0  421   [2]  00 00
 (062.340543)  can0  421   [2]  00 00
 (062.411302)  can0  421   [2]  00 00
 (062.482025)  can0  421   [2]  00 00
 (062.552762)  can0  421   [2]  00 00
 (062.623507)  can0  421   [2]  00 00
 (062.694281)  can0  421   [2]  00 00
 (062.765018)  can0  421   [2]  00 00
 (062.796061)  can0  422   [1]  00
 (062.835778)  can0  421   [2]  00 00
 (062.906559)  can0  421   [2]  00 00
 (062.977303)  can0  421   [2]  00 00
 (063.048059)  can0  421   [2]  00 00
 (063.118813)  can0  421   [2]  00 00
 (063.189592)  can0  421   [2]  00 00
 (063.260329)  can0  421   [2]  00 00
 (063.331083)  can0  421   [2]  00 00
 (063.401855)  can0  421   [2]  00 00
 (063.472589)  can0  421   [2]  00 00
 (063.543345)  can0  421   [2]  00 00
 (063.614102)  can0  421   [2]  00 00
 (063.684883)  can0  421   [2]  00 00
 (063.755623)  can0  421   [2]  00 00
 (063.796075)  can0  422   [1]  00
 (063.826381)  can0  421   [2]  00 00
 (063.897166)  can0  421   [2]  00 00
 (063.967909)  can0  421   [2]  00 00
 (064.038653)  can0  421   [2]  00 00
 (064.109403)  can0  421   [2]  00 00
 (064.180176)  can0  421   [2]  00 00
 (064.250913)  can0  421   [2]  00 00
 (064.321663)  can0  421   [2]  00 00
 (064.392433)  can0  421   [2]  00 00
 (064.463174)  can0  421   [2]  00 00
 (064.533929)  can0  421   [2]  00 00
 (064.604688)  can0  421   [2]  00 00
 (064.675473)  can0  421   [2]  00 00
 (064.746218)  can0  421   [2]  00 00
 (064.796096)  can0  422   [1]  00
 (064.816966)  can0  421   [2]  00 00
 (064.887740)  can0  421   [2]  00 00
 (064.958488)  can0  421   [2]  00 00
 (065.029218)  can0  421   [2]  00 00
 (065.099969)  can0  421   [2]  00 00
 (065.170744)  can0  421   [2]  00 00
 (065.241475)  can0  421   [2]  00 00
 (065.312233)  can0  421   [2]  00 00
 (065.382991)  can0  421   [2]  00 00
 (065.453745)  can0  421   [2]  00 00
 (065.524486)  can0  421   [2]  00 00
 (065.595220)  can0  421   [2]  00 00
 (065.665989)  can0  421   [2]  00 00
 (065.736723)  can0  421   [2]  00 00
 (065.796101)  can0  422   [1]  00
 (065.807473)  can0  421   [2]  00 00
 (065.878239)  can0  421   [2]  00 00
 (065.948996)  can0  421   [2]  00 00
 (066.019737)  can0  421   [2]  00 00
 (066.090487)  can0  421   [2]  00 00
 (066.161269)  can0  421   [2]  00 00
 (066.232003)  can0  421   [2]  00 00
 (066.302750)  can0  421   [2]  00 00
 (066.373520)  can0  421   [2]  00 00
 (066.444297)  can0  421   [2]  00 00
 (066.515001)  can0  421   [2]  00 00
 (066.585738)  can0  421   [2]  00 00
 (066.656491)  can0  421   [2]  00 00
 (066.727216)  can0  421   [2]  00 00
 (066.796115)  can0  422   [1]  00
 (066.797948)  can0  421   [2]  00 00
 (066.868701)  can0  421   [2]  00 00
 (066.939441)  can0  421   [2]  00 00
 (067.010164)  can0  421   [2]  00 00
 (067.080895)  can0  421   [2]  00 00
 (067.151659)  can0  421   [2]  00 00
 (067.222380)  can0  421   [2]  00 00
 (067.293111)  can0  421   [2]  00 00
 (067.363859)  can0  421   [2]  00 00
 (067.434630)  can0  421   [2]  00 00
 (067.505367)  can0  421   [2]  00 00
 (067.576133)  can0  421   [2]  00 00
 (067.646925)  can0  421   [2]  00 00
 (067.717674)  can0  421   [2]  00 00
 (067.788432)  can0  421   [2]  00 00
 (067.796124)  can0  422   [1]  00
 (067.859189)  can0  421   [2]  00 00
 (067.929957)  can0  421   [2]  00 00
 (068.000694)  can0  421   [2]  00 00
 (068.071445)  can0  421   [2]  00 00
 (068.142217)  can0  421   [2]  00 00
 (068.212962)  can0  421   [2]  00 00
 (068.283716)  can0  421   [2]  00 00
 (068.354472)  can0  421   [2]  00 00
 (068.425254)  can0  421   [2]  00 00
 (068.495988)  can0  421   [2]  00 00
 (068.566747)  can0  421   [2]  00 00
 (068.637522)  can0  421   [2]  00 00
 (068.708288)  can0  421   [2]  00 00
 (068.779026)  can0  421   [2]  00 00
 (068.796138)  can0  422   [1]  00
 (068.849778)  can0  421   [2]  00 00
 (068.920550)  can0  421   [2]  00 00
 (068.991285)  can0  421   [2]  00 00
 (069.062043)  can0  421   [2]  00 00
 (069.132816)  can0  421   [2]  00 00
 (069.203563)  can0  421   [2]  00 00
 (069.274311)  can0  421   [2]  00 00
 (069.345068)  can0  421   [2]  00 00
 (069.415852)  can0  421   [2]  00 00
 (069.486593)  can0  421   [2]  00 00
 (069.557351)  can0  421   [2]  00 00
 (069.628121)  can0  421   [2]  00 00
 (069.698894)  can0  421   [2]  00 00
 (069.769631)  can0  421   [2]  00 00
 (069.796151)  can0  422   [1]  00
 (069.840378)  can0  421   [2]  00 00
 (069.911146)  can0  421   [2]  00 00
 (069.981872)  can0  421   [2]  00 00
 (070.052623)  can0  421   [2]  00 00
 (070.123388)  can0  421   [2]  00 00
 (070.194145)  can0  421   [2]  00 00
 (070.264883)  can0  421   [2]  00 00
 (070.335631)  can0  421   [2]  00 00
 (070.406410)  can0  421   [2]  00 00
 (070.477146)  can0  421   [2]  00 00
 (070.547893)  can0  421   [2]  00 00
 (070.618662)  can0  421   [2]  00 00
 (070.689429)  can0  421   [2]  00 00
 (070.760170)  can0  421   [2]  00 00
 (070.796162)  can0  422   [1]  00
 (070.830927)  can0  421   [2]  00 00
 (070.901714)  can0  421   [2]  00 00
 (070.972447)  can0  421   [2]  00 00
 (071.043193)  can0  421   [2]  00 00
 (071.113953)  can0  421   [2]  00 00
 (071.184729)  can0  421   [2]  00 00
 (071.255471)  can0  421   [2]  00 00
 (071.326226)  can0  421   [2]  00 00
 (071.397005)  can0  421   [2]  00 00
 (071.467750)  can0  421   [2]  00 00
 (071.538507)  can0  421   [2]  00 00
 (071.609261)  can0  421   [2]  00 00
 (071.680041)  can0  421   [2]  00 00
 (071.750785)  can0  421   [2]  00 00
 (071.796178)  can0  422   [1]  00
 (071.821540)  can0  421   [2]  00 00
 (071.892317)  can0  421   [2]  00 00
 (071.963067)  can0  421   [2]  00 00
 (072.033825)  can0  421   [2]  00 00
 (072.104577)  can0  421   [2]  00 00
 (072.175362)  can0  421   [2]  00 00
 (072.246109)  can0  421   [2]  00 00
 (072.316865)  can0  421   [2]  00 00
 (072.387641)  can0  421   [2]  00 00
 (072.458373)  can0  421   [2]  00 00
 (072.529131)  can0  421   [2]  00 00
 (072.599893)  can0  421   [2]  00 00
 (072.670678)  can0  421   [2]  00 00
 (072.741432)  can0  421   [2]  00 00
 (072.796191)  can0  422   [1]  00
 (072.812193)  can0  421   [2]  00 00
 (072.882980)  can0  421   [2]  00 00
 (072.953733)  can0  421   [2]  00 00
 (073.024489)  can0  421   [2]  00 00
 (073.095257)  can0  421   [2]  00 00
 (073.166051)  can0  421   [2]  00 00
 (073.236796)  can0  421   [2]  00 00
 (073.307560)  can0  421   [2]  00 00
 (073.378341)  can0  421   [2]  00 00
 (073.449104)  can0  421   [2]  00 00
 (073.519860)  can0  421   [2]  00 00
 (073.590626)  can0  421   [2]  00 00
 (073.661412)  can0  421   [2]  00 00
 (073.732173)  can0  421   [2]  00 00
 (073.796206)  can0  422   [1]  00
 (073.802936)  can0  421   [2]  00 00
 (073.873718)  can0  421   [2]  00 00
 (073.944488)  can0  421   [2]  00 00
 (074.015244)  can0  421   [2]  00 00
 (074.086016)  can0  421   [2]  00 00
 (074.156813)  can0  421   [2]  00 00
 (074.227564)  can0  421   [2]  00 00
 (074.298325)  can0  421   [2]  00 00
 (074.369103)  can0  421   [2]  00 00
 (074.439880)  can0  421   [2]  00 00
 (074.510623)  can0  421   [2]  00 00
 (074.581393)  can0  421   [2]  00 00
 (074.652178)  can0  421   [2]  00 00
 (074.722914)  can0  421   [2]  00 00
 (074.793668)  can0  421   [2]  00 00
 (074.796213)  can0  422   [1]  00
 (074.864428)  can0  421   [2]  00 00
 (074.935195)  can0  421   [2]  00 00
 (075.005944)  can0  421   [2]  00 00
 (075.076697)  can0  421   [2]  00 00
 (075.147473)  can0  421   [2]  00 00
 (075.218214)  can0  421   [2]  00 00
 (075.288973)  can0  421   [2]  00 00
 (075.359744)  can0  421   [2]  00 00
 (075.430512)  can0  421   [2]  00 00
 (075.501244)  can0  421   [2]  00 00
 (075.571989)  can0  421   [2]  00 00
 (075.642771)  can0  421   [2]  00 00
 (075.713508)  can0  421   [2]  00 00
 (075.784254)  can0  421   [2]  00 00
 (075.796229)  can0  422   [1]  00
 (075.855012)  can0  421   [2]  00 00
 (075.925788)  can0  421   [2]  00 00
 (075.996521)  can0  421   [2]  00 00
 (076.067287)  can0  421   [2]  00 00
 (076.138061)  can0  421   [2]  00 00
 (076.208807)  can0  421   [2]  00 00
 (076.279563)  can0  421   [2]  00 00
 (076.350316)  can0  421   [2]  00 00
 (076.421093)  can0  421   [2]  00 00
 (076.491829)  can0  421   [2]  00 00
 (076.562581)  can0  421   [2]  00 00
 (076.633357)  can0  421   [2]  00 00
 (076.704083)  can0  421   [2]  00 00
 (076.774840)  can0  421   [2]  00 00
 (076.796242)  can0  422   [1]  00
 (076.845599)  can0  421   [2]  00 00
 (076.916372)  can0  421   [2]  00 00
 (076.987109)  can0  421   [2]  00 00
 (077.057857)  can0  421   [2]  00 00
 (077.128630)  can0  421   [2]  00 00
 (077.199372)  can0  421   [2]  00 00
 (077.270121)  can0  421   [2]  00 00
 (077.340884)  can0  421   [2]  00 00
 (077.411647)  can0  421   [2]  00 00
 (077.482389)  can0  421   [2]  00 00
 (077.553147)  can0  421   [2]  00 00
 (077.623911)  can0  421   [2]  00 00
 (077.694665)  can0  421   [2]  00 00
 (077.765403)  can0  421   [2]  00 00
 (077.796253)  can0  422   [1]  00
 (077.836143)  can0  421   [2]  00 00
 (077.906915)  can0  421   [2]  00 00
 (077.977638)  can0  421   [2]  00 00
 (078.048381)  can0  421   [2]  00 00
 (078.119150)  can0  421   [2]  00 00
 (078.189911)  can0  421   [2]  00 00
 (078.260642)  can0  421   [2]  00 00
 (078.331391)  can0  421   [2]  00 00
 (078.402172)  can0  421   [2]  00 00
 (078.472907)  can0  421   [2]  00 00
 (078.543658)  can0  421   [2]  00 00
 (078.614425)  can0  421   [2]  00 00
 (078.685189)  can0  421   [2]  00 00
 (078.755939)  can0  421   [2]  00 00
 (078.796279)  can0  422   [1]  00
 (078.826692)  can0  421   [2]  00 00
 (078.897471)  can0  421   [2]  00 00
 (078.968203)  can0  421   [2]  00 00
 (079.038948)  can0  421   [2]  00 00
 (079.109712)  can0  421   [2]  00 00
 (079.180475)  can0  421   [2]  00 00
 (079.251205)  can0  421   [2]  00 00
 (079.321954)  can0  421   [2]  00 00
 (079.392729)  can0  421   [2]  00 00
 (079.463459)  can0  421   [2]  00 00
 (079.534207)  can0  421   [2]  00 00
 (079.604963)  can0  421   [2]  00 00
 (079.675722)  can0  421   [2]  00 00
 (079.746470)  can0  421   [2]  00 00
 (079.796279)  can0  422   [1]  00
 (079.817223)  can0  421   [2]  00 00
 (079.888001)  can0  421   [2]  00 00
 (079.958739)  can0  421   [2]  00 00
 (080.029486)  can0  421   [2]  00 00
 (080.100235)  can0  421   [2]  00 00
 (080.171015)  can0  421   [2]  00 00
 (080.241752)  can0  421   [2]  00 00
 (080.312493)  can0  421   [2]  00 00
 (080.383273)  can0  421   [2]  00 00
 (080.454006)  can0  421   [2]  00 00
 (080.524756)  can0  421   [2]  00 00
 (080.595505)  can0  421   [2]  00 00
 (080.666286)  can0  421   [2]  00 00
 (080.737034)  can0  421   [2]  00 00
 (080.796294)  can0  422   [1]  00
 (080.807772)  can0  421   [2]  00 00
 (080.878562)  can0  421   [2]  00 00
 (080.949288)  can0  421   [2]  00 00
 (081.020035)  can0  421   [2]  00 00
 (081.090811)  can0  421   [2]  00 00
 (081.161558)  can0  421   [2]  00 00
 (081.232289)  can0  421   [2]  00 00
 (081.303032)  can0  421   [2]  00 00
 (081.373799)  can0  421   [2]  00 00
 (081.444531)  can0  421   [2]  00 00
 (081.515276)  can0  421   [2]  00 00
 (081.586025)  can0  421   [2]  00 00
 (081.656796)  can0  421   [2]  00 00
 (081.727521)  can0  421   [2]  00 00
 (081.796314)  can0  422   [1]  00
 (081.798269)  can0  421   [2]  00 00
 (081.869042)  can0  421   [2]  00 00
 (081.939807)  can0  421   [2]  00 00
 (082.010557)  can0  421   [2]  00 00
 (082.081312)  can0  421   [2]  00 00
 (082.152099)  can0  421   [2]  00 00
 (082.222843)  can0  421   [2]  00 00
 (082.293600)  can0  421   [2]  00 00
 (082.364388)  can0  421   [2]  00 00
 (082.435142)  can0  421   [2]  00 00
 (082.505881)  can0  421   [2]  00 00
 (082.576631)  can0  421   [2]  00 00
 (082.647413)  can0  421   [2]  00 00
 (082.718148)  can0  421   [2]  00 00
 (082.788907)  can0  421   [2]  00 00
 (082.796314)  can0  422   [1]  00
 (082.859682)  can0  421   [2]  00 00
 (082.930447)  can0  421   [2]  00 00
 (083.001185)  can0  421   [2]  00 00
 (083.071938)  can0  421   [2]  00 00
 (083.142721)  can0  421   [2]  00 00
 (083.213465)  can0  421   [2]  00 00
 (083.284238)  can0  421   [2]  00 00
 (083.355031)  can0  421   [2]  00 00
 (083.425814)  can0  421   [2]  00 00
 (083.496556)  can0  421   [2]  00 00
 (083.567317)  can0  421   [2]  00 00
 (083.638096)  can0  421   [2]  00 00
 (083.708840)  can0  421   [2]  00 00
 (083.779591)  can0  421   [2]  00 00
 (083.796327)  can0  422   [1]  00
 (083.850359)  can0  421   [2]  00 00
 (083.921111)  can0  421   [2]  00 00
 (083.991841)  can0  421   [2]  00 00
 (084.062596)  can0  421   [2]  00 00
 (084.133371)  can0  421   [2]  00 00
 (084.204111)  can0  421   [2]  00 00
 (084.274867)  can0  421   [2]  00 00
 (084.345628)  can0  421   [2]  00 00
 (084.416407)  can0  421   [2]  00 00
 (084.487149)  can0  421   [2]  00 00
 (084.557928)  can0  421   [2]  00 00
 (084.628691)  can0  421   [2]  00 00
 (084.699437)  can0  421   [2]  00 00
 (084.770196)  can0  421   [2]  00 00
 (084.796340)  can0  422   [1]  00
 (084.840949)  can0  421   [2]  00 00
 (084.911720)  can0  421   [2]  00 00
 (084.982459)  can0  421   [2]  00 00
 (085.053223)  can0  421   [2]  00 00
 (085.123985)  can0  421   [2]  00 00
 (085.194728)  can0  421   [2]  00 00
 (085.265477)  can0  421   [2]  00 00
 (085.336230)  can0  421   [2]  00 00
 (085.407018)  can0  421   [2]  00 00
 (085.477754)  can0  421   [2]  00 00
 (085.548506)  can0  421   [2]  00 00
 (085.619287)  can0  421   [2]  00 00
 (085.690039)  can0  421   [2]  00 00
 (085.760784)  can0  421   [2]  00 00
 (085.796360)  can0  422   [1]  00
 (085.831537)  can0  421   [2]  00 00
 (085.902315)  can0  421   [2]  00 00
 (085.973058)  can0  421   [2]  00 00
 (086.043800)  can0  421   [2]  00 00
 (086.114575)  can0  421   [2]  00 00
 (086.185333)  can0  421   [2]  00 00
 (086.256081)  can0  421   [2]  00 00
 (086.326844)  can0  421   [2]  00 00
 (086.397631)  can0  421   [2]  00 00
 (086.468381)  can0  421   [2]  00 00
 (086.539136)  can0  421   [2]  00 00
 (086.609918)  can0  421   [2]  00 00
 (086.680668)  can0  421   [2]  00 00
 (086.751409)  can0  421   [2]  00 00
 (086.796372)  can0  422   [1]  00
 (086.822158)  can0  421   [2]  00 00
 (086.892921)  can0  421   [2]  00 00
 (086.963651)  can0  421   [2]  00 00
 (087.034404)  can0  421   [2]  00 00
 (087.105172)  can0  421   [2]  00 00
 (087.175928)  can0  421   [2]  00 00
 (087.246678)  can0  421   [2]  00 00
 (087.317426)  can0  421   [2]  00 00
 (087.388195)  can0  421   [2]  00 00
 (087.458932)  can0  421   [2]  00 00
 (087.529673)  can0  421   [2]  00 00
 (087.600434)  can0  421   [2]  00 00
 (087.671175)  can0  421   [2]  00 00
 (087.741926)  can0  421   [2]  00 00
 (087.796387)  can0  422   [1]  00
 (087.812675)  can0  421   [2]  00 00
 (087.883439)  can0  421   [2]  00 00
 (087.954175)  can0  421   [2]  00 00
 (088.024924)  can0  421   [2]  00 00
 (088.095677)  can0  421   [2]  00 00
 (088.166448)  can0  421   [2]  00 00
 (088.237186)  can0  421   [2]  00 00
 (088.307932)  can0  421   [2]  00 00
 (088.378706)  can0  421   [2]  00 00
 (088.449440)  can0  421   [2]  00 00
 (088.520184)  can0  421   [2]  00 00
 (088.590940)  can0  421   [2]  00 00
 (088.661696)  can0  421   [2]  00 00
 (088.732427)  can0  421   [2]  00 00
 (088.796401)  can0  422   [1]  00
 (088.803169)  can0  421   [2]  00 00
 (088.873937)  can0  421   [2]  00 00
 (088.944668)  can0  421   [2]  00 00
 (089.015419)  can0  421   [2]  00 00
 (089.086154)  can0  421   [2]  00 00
 (089.156903)  can0  421   [2]  00 00
 (089.227630)  can0  421   [2]  00 00
 (089.298379)  can0  421   [2]  00 00
 (089.369146)  can0  421   [2]  00 00
 (089.439878)  can0  421   [2]  00 00
 (089.510624)  can0  421   [2]  00 00
 (089.581366)  can0  421   [2]  00 00
 (089.652119)  can0  421   [2]  00 00
 (089.722850)  can0  421   [2]  00 00
 (089.793594)  can0  421   [2]  00 00
 (089.796402)  can0  422   [1]  00
 (089.864355)  can0  421   [2]  00 00
 (089.935097)  can0  421   [2]  00 00
 (090.005842)  can0  421   [2]  00 00
 (090.076580)  can0  421   [2]  00 00
 (090.147346)  can0  421   [2]  00 00
 (090.218110)  can0  421   [2]  00 00
 (090.288841)  can0  421   [2]  00 00
 (090.359588)  can0  421   [2]  00 00
 (090.430334)  can0  421   [2]  00 00
 (090.501064)  can0  421   [2]  00 00
 (090.571797)  can0  421   [2]  00 00
 (090.642559)  can0  421   [2]  00 00
 (090.713266)  can0  421   [2]  00 00
 (090.784010)  can0  421   [2]  00 00
 (090.796418)  can0  422   [1]  00
 (090.854766)  can0  421   [2]  00 00
 (090.925500)  can0  421   [2]  00 00
 (090.996221)  can0  421   [2]  00 00
 (091.066972)  can0  421   [2]  00 00
 (091.137746)  can0  421   [2]  00 00
 (091.208482)  can0  421   [2]  00 00
 (091.279229)  can0  421   [2]  00 00
 (091.350001)  can0  421   [2]  00 00
 (091.420755)  can0  421   [2]  00 00
 (091.491493)  can0  421   [2]  00 00
 (091.562241)  can0  421   [2]  00 00
 (091.632998)  can0  421   [2]  00 00
 (091.703722)  can0  421   [2]  00 00
 (091.774455)  can0  421   [2]  00 00
 (091.796432)  can0  422   [1]  00
 (091.845223)  can0  421   [2]  00 00
 (091.915980)  can0  421   [2]  00 00
 (091.986700)  can0  421   [2]  00 00
 (092.057438)  can0  421   [2]  00 00
 (092.128201)  can0  421   [2]  00 00
 (092.198934)  can0  421   [2]  00 00
 (092.269673)  can0  421   [2]  00 00
 (092.340419)  can0  421   [2]  00 00
 (092.411177)  can0  421   [2]  00 00
 (092.481912)  can0  421   [2]  00 00
 (092.552664)  can0  421   [2]  00 00
 (092.623427)  can0  421   [2]  00 00
 (092.694151)  can0  421   [2]  00 00
 (092.764897)  can0  421   [2]  00 00
 (092.796443)  can0  422   [1]  00
 (092.835630)  can0  421   [2]  00 00
                                                                                                   